

Microchip Technology PIC18 LITE Macro Assembler V1.45 build -152302408 
                                                                                               Fri Apr 05 09:23:07 2024

Microchip Technology Omniscient Code Generator v1.45 (Free mode) build 201711160504
     1                           	processor	18F27K40
     2                           	fnconf	rparam,??,?,0
     3                           	opt	pw 120
     4                           	opt	lm
     5                           	psect	cinit,global,reloc=2,class=CODE,delta=1
     6                           	psect	cstackCOMRAM,global,class=COMRAM,space=1,delta=1,noexec
     7                           	psect	text0,global,reloc=2,class=CODE,delta=1
     8                           	psect	intsave_regs,global,class=BIGRAM,space=1,delta=1,noexec
     9                           	psect	rparam,global,class=COMRAM,space=1,delta=1,noexec
    10  0000                     
    11                           ; Version 1.45
    12                           ; Generated 16/11/2017 GMT
    13                           ; 
    14                           ; Copyright © 2017, Microchip Technology Inc. and its subsidiaries ("Microchip")
    15                           ; All rights reserved.
    16                           ; 
    17                           ; This software is developed by Microchip Technology Inc. and its subsidiaries ("Microch
      +                          ip").
    18                           ; 
    19                           ; Redistribution and use in source and binary forms, with or without modification, are
    20                           ; permitted provided that the following conditions are met:
    21                           ; 
    22                           ;     1. Redistributions of source code must retain the above copyright notice, this lis
      +                          t of
    23                           ;        conditions and the following disclaimer.
    24                           ; 
    25                           ;     2. Redistributions in binary form must reproduce the above copyright notice, this 
      +                          list
    26                           ;        of conditions and the following disclaimer in the documentation and/or other
    27                           ;        materials provided with the distribution.
    28                           ; 
    29                           ;     3. Microchip's name may not be used to endorse or promote products derived from th
      +                          is
    30                           ;        software without specific prior written permission.
    31                           ; 
    32                           ; THIS SOFTWARE IS PROVIDED BY MICROCHIP "AS IS" AND ANY EXPRESS OR IMPLIED WARRANTIES,
    33                           ; INCLUDING, BUT NOT LIMITED TO, THE IMPLIED WARRANTIES OF MERCHANTABILITY AND FITNESS F
      +                          OR
    34                           ; PURPOSE ARE DISCLAIMED.  IN NO EVENT SHALL MICROCHIP BE LIABLE FOR ANY DIRECT, INDIREC
      +                          T,
    35                           ; INCIDENTAL, SPECIAL, EXEMPLARY, OR CONSEQUENTIAL DAMAGES (INCLUDING BUT NOT LIMITED TO
    36                           ; PROCUREMENT OF SUBSTITUTE GOODS OR SERVICES; LOSS OF USE, DATA OR PROFITS; OR BUSINESS
    37                           ; INTERRUPTION) HOWSOEVER CAUSED AND ON ANY THEORY OF LIABILITY, WHETHER IN CONTRACT, ST
      +                          RICT
    38                           ; LIABILITY, OR TORT (INCLUDING NEGLIGENCE OR OTHERWISE) ARISING IN ANY WAY OUT OF THE U
      +                          SE OF
    39                           ; THIS SOFTWARE, EVEN IF ADVISED OF THE POSSIBILITY OF SUCH DAMAGE.
    40                           ; 
    41                           ; 
    42                           ; Code-generator required, PIC18F27K40 Definitions
    43                           ; 
    44                           ; SFR Addresses
    45  0000                     _LATA	set	3971
    46  0000                     _TRISA	set	3976
    47                           
    48                           ; #config settings
    49  0000                     
    50                           	psect	cinit
    51  01FFEA                     __pcinit:
    52                           	opt stack 0
    53  01FFEA                     start_initialization:
    54                           	opt stack 0
    55  01FFEA                     __initialization:
    56                           	opt stack 0
    57  01FFEA                     end_of_initialization:
    58                           	opt stack 0
    59  01FFEA                     __end_of__initialization:
    60                           	opt stack 0
    61  01FFEA  0100               	movlb	0
    62  01FFEC  EFF8  F0FF         	goto	_main	;jump to C main() function
    63                           
    64                           	psect	cstackCOMRAM
    65  000000                     __pcstackCOMRAM:
    66                           	opt stack 0
    67  000000                     
    68                           ; 1 bytes @ 0x0
    69 ;;
    70 ;;Main: autosize = 0, tempsize = 0, incstack = 0, save=0
    71 ;;
    72 ;; *************** function _main *****************
    73 ;; Defined at:
    74 ;;		line 79 in file "../main.c"
    75 ;; Parameters:    Size  Location     Type
    76 ;;		None
    77 ;; Auto vars:     Size  Location     Type
    78 ;;		None
    79 ;; Return value:  Size  Location     Type
    80 ;;                  1    wreg      void 
    81 ;; Registers used:
    82 ;;		wreg, status,2
    83 ;; Tracked objects:
    84 ;;		On entry : 0/0
    85 ;;		On exit  : 0/0
    86 ;;		Unchanged: 0/0
    87 ;; Data sizes:     COMRAM   BANK0   BANK1   BANK2   BANK3   BANK4   BANK5   BANK6   BANK7   BANK8   BANK9  BANK10  BANK1
      +1  BANK12  BANK13  BANK14
    88 ;;      Params:         0       0       0       0       0       0       0       0       0       0       0       0       
      +0       0       0       0
    89 ;;      Locals:         0       0       0       0       0       0       0       0       0       0       0       0       
      +0       0       0       0
    90 ;;      Temps:          0       0       0       0       0       0       0       0       0       0       0       0       
      +0       0       0       0
    91 ;;      Totals:         0       0       0       0       0       0       0       0       0       0       0       0       
      +0       0       0       0
    92 ;;Total ram usage:        0 bytes
    93 ;; This function calls:
    94 ;;		Nothing
    95 ;; This function is called by:
    96 ;;		Startup code after reset
    97 ;; This function uses a non-reentrant model
    98 ;;
    99                           
   100                           	psect	text0
   101  01FFF0                     __ptext0:
   102                           	opt stack 0
   103  01FFF0                     _main:
   104                           	opt stack 31
   105                           
   106                           ;main.c: 80: TRISA = 0x00 ;
   107                           
   108                           ;incstack = 0
   109  01FFF0  0E00               	movlw	0
   110  01FFF2  6E88               	movwf	3976,c	;volatile
   111  01FFF4                     l9:
   112                           
   113                           ;main.c: 82: LATA = 0x70 ;
   114  01FFF4  0E70               	movlw	112
   115  01FFF6  6E83               	movwf	3971,c	;volatile
   116                           
   117                           ;main.c: 83: LATA = 0x00 ;
   118  01FFF8  0E00               	movlw	0
   119  01FFFA  6E83               	movwf	3971,c	;volatile
   120  01FFFC  F000               	nop		;# 
   121  01FFFE  D7FA               	goto	l9
   122  020000                     __end_of_main:
   123                           	opt stack 0
   124  0000                     
   125                           	psect	rparam


Data Sizes:
    Strings     0
    Constant    0
    Data        0
    BSS         0
    Persistent  0
    Stack       0

Auto Spaces:
    Space          Size  Autos    Used
    COMRAM           95      0       0
    BANK0           160      0       0
    BANK1           256      0       0
    BANK2           256      0       0
    BANK3           256      0       0
    BANK4           256      0       0
    BANK5           256      0       0
    BANK6           256      0       0
    BANK7           256      0       0
    BANK8           256      0       0
    BANK9           256      0       0
    BANK10          256      0       0
    BANK11          256      0       0
    BANK12          256      0       0
    BANK13          256      0       0
    BANK14          136      0       0

Pointer List with Targets:

    None.

Critical Paths under _main in COMRAM

    None.

Critical Paths under _main in BANK0

    None.

Critical Paths under _main in BANK1

    None.

Critical Paths under _main in BANK2

    None.

Critical Paths under _main in BANK3

    None.

Critical Paths under _main in BANK4

    None.

Critical Paths under _main in BANK5

    None.

Critical Paths under _main in BANK6

    None.

Critical Paths under _main in BANK7

    None.

Critical Paths under _main in BANK8

    None.

Critical Paths under _main in BANK9

    None.

Critical Paths under _main in BANK10

    None.

Critical Paths under _main in BANK11

    None.

Critical Paths under _main in BANK12

    None.

Critical Paths under _main in BANK13

    None.

Critical Paths under _main in BANK14

    None.

Call Graph Tables:

 ---------------------------------------------------------------------------------
 (Depth) Function   	        Calls       Base Space   Used Autos Params    Refs
 ---------------------------------------------------------------------------------
 (0) _main                                                 0     0      0       0
 ---------------------------------------------------------------------------------
 Estimated maximum stack depth 0
 ---------------------------------------------------------------------------------

 Call Graph Graphs:

 _main (ROOT)

 Address spaces:
Name               Size   Autos  Total    Cost      Usage
BITCOMRAM           5F      0       0       0        0.0%
EEDATA             400      0       0       0        0.0%
NULL                 0      0       0       0        0.0%
CODE                 0      0       0       0        0.0%
COMRAM              5F      0       0       1        0.0%
STACK                0      0       0       2        0.0%
DATA                 0      0       0       3        0.0%
BITBANK0            A0      0       0       4        0.0%
BANK0               A0      0       0       5        0.0%
ABS                  0      0       0       6        0.0%
BITBANK1           100      0       0       7        0.0%
BANK1              100      0       0       8        0.0%
BITBANK2           100      0       0       9        0.0%
BANK2              100      0       0      10        0.0%
BITBANK3           100      0       0      11        0.0%
BANK3              100      0       0      12        0.0%
BITBANK4           100      0       0      13        0.0%
BANK4              100      0       0      14        0.0%
BITBANK5           100      0       0      15        0.0%
BANK5              100      0       0      16        0.0%
BITBANK6           100      0       0      17        0.0%
BANK6              100      0       0      18        0.0%
BITBANK7           100      0       0      19        0.0%
BANK7              100      0       0      20        0.0%
BITBANK8           100      0       0      21        0.0%
BANK8              100      0       0      22        0.0%
BITBANK9           100      0       0      23        0.0%
BANK9              100      0       0      24        0.0%
BITBANK10          100      0       0      25        0.0%
BANK10             100      0       0      26        0.0%
BITBANK11          100      0       0      27        0.0%
BANK11             100      0       0      28        0.0%
BITBANK12          100      0       0      29        0.0%
BANK12             100      0       0      30        0.0%
BITBANK13          100      0       0      31        0.0%
BANK13             100      0       0      32        0.0%
BITBANK14           88      0       0      33        0.0%
BANK14              88      0       0      34        0.0%
BIGRAM             E87      0       0      35        0.0%
BITSFR_2             0      0       0     200        0.0%
SFR_2                0      0       0     200        0.0%
BITSFR_1             0      0       0     200        0.0%
SFR_1                0      0       0     200        0.0%
BITSFR               0      0       0     200        0.0%
SFR                  0      0       0     200        0.0%


Microchip Technology PIC18 Macro Assembler V1.45 build -152302408 
Symbol Table                                                                                   Fri Apr 05 09:23:07 2024

                         l9 FFF4                 __CFG_CP$OFF 000000                 __CFG_LVP$ON 000000  
              __CFG_CPD$OFF 000000                __CFG_ZCD$OFF 000000                __CFG_WDTE$ON 000000  
                      _LATA 000F83               __CFG_FCMEN$ON 000000                        _main FFF0  
                      start 0002               __CFG_CSWEN$ON 000000                ___param_bank 000000  
             __CFG_SCANE$ON 000000                       ?_main 0000              __CFG_DEBUG$OFF 000000  
                     _TRISA 000F88               __CFG_WRT0$OFF 000000               __CFG_WRT1$OFF 000000  
             __CFG_WRT2$OFF 000000               __CFG_WRT3$OFF 000000               __CFG_WRT4$OFF 000000  
             __CFG_WRT5$OFF 000000               __CFG_WRT6$OFF 000000               __CFG_WRT7$OFF 000000  
            __CFG_EBTR0$OFF 000000              __CFG_EBTR1$OFF 000000              __CFG_EBTR2$OFF 000000  
            __CFG_EBTR3$OFF 000000              __CFG_EBTR4$OFF 000000              __CFG_EBTR5$OFF 000000  
            __CFG_EBTR6$OFF 000000              __CFG_EBTR7$OFF 000000               __CFG_WRTB$OFF 000000  
             __CFG_WRTC$OFF 000000               __CFG_WRTD$OFF 000000              __CFG_EBTRB$OFF 000000  
        __CFG_MCLRE$EXTMCLR 000000             __initialization FFEA                __end_of_main 0000  
                    ??_main 0000               __activetblptr 000000              __CFG_WDTCCS$SC 000000  
            __CFG_PWRTE$OFF 000000              __CFG_XINST$OFF 000000              __CFG_STVREN$ON 000000  
                __accesstop 0060     __end_of__initialization FFEA               ___rparam_used 000001  
            __pcstackCOMRAM 0000             __CFG_PPS1WAY$ON 000000                     __Hparam 0000  
                   __Lparam 0000  __CFG_RSTOSC$HFINTOSC_64MHZ 000000                     __pcinit FFEA  
                   __ramtop 0F00                     __ptext0 FFF0        end_of_initialization FFEA  
     __CFG_WDTCPS$WDTCPS_31 000000            __CFG_FEXTOSC$OFF 000000         start_initialization FFEA  
          __CFG_LPBOREN$OFF 000000         __CFG_BORV$VBOR_2P45 000000                    __Hrparam 0000  
                  __Lrparam 0000          __CFG_BOREN$SBORDIS 000000               __size_of_main 0010  
      __CFG_WDTCWS$WDTCWS_7 000000           __CFG_CLKOUTEN$OFF 000000  
