

Microchip Technology PIC18 LITE Macro Assembler V1.45 build -152302408 
                                                                                               Thu Feb 11 18:33:54 2021

Microchip Technology Omniscient Code Generator v1.45 (Free mode) build 201711160504
     1                           	processor	18F27K40
     2                           	fnconf	rparam,??,?,0
     3                           	opt	pw 120
     4                           	opt	lm
     5                           	psect	nvCOMRAM,global,class=COMRAM,space=1,delta=1,noexec
     6                           	psect	cinit,global,reloc=2,class=CODE,delta=1
     7                           	psect	cstackCOMRAM,global,class=COMRAM,space=1,delta=1,noexec
     8                           	psect	text0,global,reloc=2,class=CODE,delta=1
     9                           	psect	text1,global,reloc=2,class=CODE,delta=1
    10                           	psect	text2,global,reloc=2,class=CODE,delta=1
    11                           	psect	text3,global,reloc=2,class=CODE,delta=1
    12                           	psect	intsave_regs,global,class=BIGRAM,space=1,delta=1,noexec
    13                           	psect	rparam,global,class=COMRAM,space=1,delta=1,noexec
    14  0000                     
    15                           ; Version 1.45
    16                           ; Generated 16/11/2017 GMT
    17                           ; 
    18                           ; Copyright © 2017, Microchip Technology Inc. and its subsidiaries ("Microchip")
    19                           ; All rights reserved.
    20                           ; 
    21                           ; This software is developed by Microchip Technology Inc. and its subsidiaries ("Microch
      +                          ip").
    22                           ; 
    23                           ; Redistribution and use in source and binary forms, with or without modification, are
    24                           ; permitted provided that the following conditions are met:
    25                           ; 
    26                           ;     1. Redistributions of source code must retain the above copyright notice, this lis
      +                          t of
    27                           ;        conditions and the following disclaimer.
    28                           ; 
    29                           ;     2. Redistributions in binary form must reproduce the above copyright notice, this 
      +                          list
    30                           ;        of conditions and the following disclaimer in the documentation and/or other
    31                           ;        materials provided with the distribution.
    32                           ; 
    33                           ;     3. Microchip's name may not be used to endorse or promote products derived from th
      +                          is
    34                           ;        software without specific prior written permission.
    35                           ; 
    36                           ; THIS SOFTWARE IS PROVIDED BY MICROCHIP "AS IS" AND ANY EXPRESS OR IMPLIED WARRANTIES,
    37                           ; INCLUDING, BUT NOT LIMITED TO, THE IMPLIED WARRANTIES OF MERCHANTABILITY AND FITNESS F
      +                          OR
    38                           ; PURPOSE ARE DISCLAIMED.  IN NO EVENT SHALL MICROCHIP BE LIABLE FOR ANY DIRECT, INDIREC
      +                          T,
    39                           ; INCIDENTAL, SPECIAL, EXEMPLARY, OR CONSEQUENTIAL DAMAGES (INCLUDING BUT NOT LIMITED TO
    40                           ; PROCUREMENT OF SUBSTITUTE GOODS OR SERVICES; LOSS OF USE, DATA OR PROFITS; OR BUSINESS
    41                           ; INTERRUPTION) HOWSOEVER CAUSED AND ON ANY THEORY OF LIABILITY, WHETHER IN CONTRACT, ST
      +                          RICT
    42                           ; LIABILITY, OR TORT (INCLUDING NEGLIGENCE OR OTHERWISE) ARISING IN ANY WAY OUT OF THE U
      +                          SE OF
    43                           ; THIS SOFTWARE, EVEN IF ADVISED OF THE POSSIBILITY OF SUCH DAMAGE.
    44                           ; 
    45                           ; 
    46                           ; Code-generator required, PIC18F27K40 Definitions
    47                           ; 
    48                           ; SFR Addresses
    49  0000                     
    50                           	psect	nvCOMRAM
    51  000001                     __pnvCOMRAM:
    52                           	opt stack 0
    53  000001                     main@state:
    54                           	opt stack 0
    55  000001                     	ds	1
    56  0000                     _LATAbits	set	3971
    57  0000                     _TRISA	set	3976
    58  0000                     _LATA	set	3971
    59                           
    60                           ; #config settings
    61  0000                     
    62                           	psect	cinit
    63  01FFB6                     __pcinit:
    64                           	opt stack 0
    65  01FFB6                     start_initialization:
    66                           	opt stack 0
    67  01FFB6                     __initialization:
    68                           	opt stack 0
    69  01FFB6                     end_of_initialization:
    70                           	opt stack 0
    71  01FFB6                     __end_of__initialization:
    72                           	opt stack 0
    73  01FFB6  0100               	movlb	0
    74  01FFB8  EFDE  F0FF         	goto	_main	;jump to C main() function
    75                           
    76                           	psect	cstackCOMRAM
    77  000000                     __pcstackCOMRAM:
    78                           	opt stack 0
    79  000000                     
    80                           ; 1 bytes @ 0x0
    81 ;;
    82 ;;Main: autosize = 0, tempsize = 0, incstack = 0, save=0
    83 ;;
    84 ;; *************** function _main *****************
    85 ;; Defined at:
    86 ;;		line 23 in file "../main.c"
    87 ;; Parameters:    Size  Location     Type
    88 ;;		None
    89 ;; Auto vars:     Size  Location     Type
    90 ;;		None
    91 ;; Return value:  Size  Location     Type
    92 ;;                  1    wreg      void 
    93 ;; Registers used:
    94 ;;		wreg, status,2, status,0, cstack
    95 ;; Tracked objects:
    96 ;;		On entry : 0/0
    97 ;;		On exit  : 0/0
    98 ;;		Unchanged: 0/0
    99 ;; Data sizes:     COMRAM   BANK0   BANK1   BANK2   BANK3   BANK4   BANK5   BANK6   BANK7   BANK8   BANK9  BANK10  BANK1
      +1  BANK12  BANK13  BANK14
   100 ;;      Params:         0       0       0       0       0       0       0       0       0       0       0       0       
      +0       0       0       0
   101 ;;      Locals:         0       0       0       0       0       0       0       0       0       0       0       0       
      +0       0       0       0
   102 ;;      Temps:          0       0       0       0       0       0       0       0       0       0       0       0       
      +0       0       0       0
   103 ;;      Totals:         0       0       0       0       0       0       0       0       0       0       0       0       
      +0       0       0       0
   104 ;;Total ram usage:        0 bytes
   105 ;; Hardware stack levels required when called:    1
   106 ;; This function calls:
   107 ;;		_task_clear_led_D2
   108 ;;		_task_set_led_D2
   109 ;;		_task_toggle_led_D2
   110 ;; This function is called by:
   111 ;;		Startup code after reset
   112 ;; This function uses a non-reentrant model
   113 ;;
   114                           
   115                           	psect	text0
   116  01FFBC                     __ptext0:
   117                           	opt stack 0
   118  01FFBC                     _main:
   119                           	opt stack 30
   120                           
   121                           ;main.c: 24: static char state;
   122                           ;main.c: 27: state = 1;
   123                           
   124                           ;incstack = 0
   125  01FFBC  0E01               	movlw	1
   126  01FFBE  6E01               	movwf	main@state,c
   127                           
   128                           ;main.c: 28: LATA = 0x00;
   129  01FFC0  0E00               	movlw	0
   130  01FFC2  6E83               	movwf	3971,c	;volatile
   131                           
   132                           ;main.c: 29: TRISA = 0b00000000;
   133  01FFC4  0E00               	movlw	0
   134  01FFC6  6E88               	movwf	3976,c	;volatile
   135                           
   136                           ;main.c: 33: switch(state){
   137                           
   138                           ;main.c: 32: while (1) {
   139  01FFC8  D009               	goto	l20
   140  01FFCA                     
   141                           ;main.c: 35: task_toggle_led_D2();
   142  01FFCA  ECD9  F0FF         	call	_task_toggle_led_D2	;wreg free
   143                           
   144                           ;main.c: 36: break;
   145  01FFCE  D010               	goto	l22
   146  01FFD0                     
   147                           ;main.c: 38: task_set_led_D2();
   148  01FFD0  ECD7  F0FF         	call	_task_set_led_D2	;wreg free
   149                           
   150                           ;main.c: 39: break;
   151  01FFD4  D00D               	goto	l22
   152  01FFD6                     
   153                           ;main.c: 41: task_clear_led_D2();
   154  01FFD6  ECD5  F0FF         	call	_task_clear_led_D2	;wreg free
   155                           
   156                           ;main.c: 43: }
   157                           
   158                           ;main.c: 42: break;
   159  01FFDA  D00A               	goto	l22
   160  01FFDC                     l20:
   161  01FFDC  5001               	movf	main@state,w,c
   162                           
   163                           ; Switch size 1, requested type "space"
   164                           ; Number of cases is 3, Range of values is 1 to 3
   165                           ; switch strategies available:
   166                           ; Name         Instructions Cycles
   167                           ; simple_byte           10     6 (average)
   168                           ;	Chosen strategy is simple_byte
   169  01FFDE  0A01               	xorlw	1	; case 1
   170  01FFE0  B4D8               	btfsc	status,2,c
   171  01FFE2  D7F3               	goto	l21
   172  01FFE4  0A03               	xorlw	3	; case 2
   173  01FFE6  B4D8               	btfsc	status,2,c
   174  01FFE8  D7F3               	goto	l23
   175  01FFEA  0A01               	xorlw	1	; case 3
   176  01FFEC  B4D8               	btfsc	status,2,c
   177  01FFEE  D7F3               	goto	l24
   178  01FFF0                     l22:
   179                           
   180                           ;main.c: 46: if (state == 3)
   181  01FFF0  0E03               	movlw	3
   182  01FFF2  1801               	xorwf	main@state,w,c
   183  01FFF4  A4D8               	btfss	status,2,c
   184  01FFF6  D002               	goto	l25
   185                           
   186                           ;main.c: 47: state = 0;
   187  01FFF8  0E00               	movlw	0
   188  01FFFA  6E01               	movwf	main@state,c
   189  01FFFC                     l25:
   190                           
   191                           ;main.c: 48: state++;
   192  01FFFC  2A01               	incf	main@state,f,c
   193  01FFFE  D7EE               	goto	l20
   194  020000                     __end_of_main:
   195                           	opt stack 0
   196                           status	equ	0xFD8
   197                           
   198 ;; *************** function _task_toggle_led_D2 *****************
   199 ;; Defined at:
   200 ;;		line 52 in file "../main.c"
   201 ;; Parameters:    Size  Location     Type
   202 ;;		None
   203 ;; Auto vars:     Size  Location     Type
   204 ;;		None
   205 ;; Return value:  Size  Location     Type
   206 ;;                  1    wreg      void 
   207 ;; Registers used:
   208 ;;		None
   209 ;; Tracked objects:
   210 ;;		On entry : 0/0
   211 ;;		On exit  : 0/0
   212 ;;		Unchanged: 0/0
   213 ;; Data sizes:     COMRAM   BANK0   BANK1   BANK2   BANK3   BANK4   BANK5   BANK6   BANK7   BANK8   BANK9  BANK10  BANK1
      +1  BANK12  BANK13  BANK14
   214 ;;      Params:         0       0       0       0       0       0       0       0       0       0       0       0       
      +0       0       0       0
   215 ;;      Locals:         0       0       0       0       0       0       0       0       0       0       0       0       
      +0       0       0       0
   216 ;;      Temps:          0       0       0       0       0       0       0       0       0       0       0       0       
      +0       0       0       0
   217 ;;      Totals:         0       0       0       0       0       0       0       0       0       0       0       0       
      +0       0       0       0
   218 ;;Total ram usage:        0 bytes
   219 ;; Hardware stack levels used:    1
   220 ;; This function calls:
   221 ;;		Nothing
   222 ;; This function is called by:
   223 ;;		_main
   224 ;; This function uses a non-reentrant model
   225 ;;
   226                           
   227                           	psect	text1
   228  01FFB2                     __ptext1:
   229                           	opt stack 0
   230  01FFB2                     _task_toggle_led_D2:
   231                           	opt stack 30
   232                           
   233                           ;incstack = 0
   234  01FFB2  7883               	btg	3971,4,c	;# 
   235  01FFB4  0012               	return		;funcret
   236  01FFB6                     __end_of_task_toggle_led_D2:
   237                           	opt stack 0
   238                           status	equ	0xFD8
   239                           
   240 ;; *************** function _task_set_led_D2 *****************
   241 ;; Defined at:
   242 ;;		line 58 in file "../main.c"
   243 ;; Parameters:    Size  Location     Type
   244 ;;		None
   245 ;; Auto vars:     Size  Location     Type
   246 ;;		None
   247 ;; Return value:  Size  Location     Type
   248 ;;                  1    wreg      void 
   249 ;; Registers used:
   250 ;;		status,2, status,0
   251 ;; Tracked objects:
   252 ;;		On entry : 0/0
   253 ;;		On exit  : 0/0
   254 ;;		Unchanged: 0/0
   255 ;; Data sizes:     COMRAM   BANK0   BANK1   BANK2   BANK3   BANK4   BANK5   BANK6   BANK7   BANK8   BANK9  BANK10  BANK1
      +1  BANK12  BANK13  BANK14
   256 ;;      Params:         0       0       0       0       0       0       0       0       0       0       0       0       
      +0       0       0       0
   257 ;;      Locals:         0       0       0       0       0       0       0       0       0       0       0       0       
      +0       0       0       0
   258 ;;      Temps:          0       0       0       0       0       0       0       0       0       0       0       0       
      +0       0       0       0
   259 ;;      Totals:         0       0       0       0       0       0       0       0       0       0       0       0       
      +0       0       0       0
   260 ;;Total ram usage:        0 bytes
   261 ;; Hardware stack levels used:    1
   262 ;; This function calls:
   263 ;;		Nothing
   264 ;; This function is called by:
   265 ;;		_main
   266 ;; This function uses a non-reentrant model
   267 ;;
   268                           
   269                           	psect	text2
   270  01FFAE                     __ptext2:
   271                           	opt stack 0
   272  01FFAE                     _task_set_led_D2:
   273                           	opt stack 30
   274                           
   275                           ;main.c: 59: LATA |= 0x10;
   276                           
   277                           ;incstack = 0
   278  01FFAE  8883               	bsf	3971,4,c	;volatile
   279  01FFB0  0012               	return		;funcret
   280  01FFB2                     __end_of_task_set_led_D2:
   281                           	opt stack 0
   282                           status	equ	0xFD8
   283                           
   284 ;; *************** function _task_clear_led_D2 *****************
   285 ;; Defined at:
   286 ;;		line 62 in file "../main.c"
   287 ;; Parameters:    Size  Location     Type
   288 ;;		None
   289 ;; Auto vars:     Size  Location     Type
   290 ;;		None
   291 ;; Return value:  Size  Location     Type
   292 ;;                  1    wreg      void 
   293 ;; Registers used:
   294 ;;		None
   295 ;; Tracked objects:
   296 ;;		On entry : 0/0
   297 ;;		On exit  : 0/0
   298 ;;		Unchanged: 0/0
   299 ;; Data sizes:     COMRAM   BANK0   BANK1   BANK2   BANK3   BANK4   BANK5   BANK6   BANK7   BANK8   BANK9  BANK10  BANK1
      +1  BANK12  BANK13  BANK14
   300 ;;      Params:         0       0       0       0       0       0       0       0       0       0       0       0       
      +0       0       0       0
   301 ;;      Locals:         0       0       0       0       0       0       0       0       0       0       0       0       
      +0       0       0       0
   302 ;;      Temps:          0       0       0       0       0       0       0       0       0       0       0       0       
      +0       0       0       0
   303 ;;      Totals:         0       0       0       0       0       0       0       0       0       0       0       0       
      +0       0       0       0
   304 ;;Total ram usage:        0 bytes
   305 ;; Hardware stack levels used:    1
   306 ;; This function calls:
   307 ;;		Nothing
   308 ;; This function is called by:
   309 ;;		_main
   310 ;; This function uses a non-reentrant model
   311 ;;
   312                           
   313                           	psect	text3
   314  01FFAA                     __ptext3:
   315                           	opt stack 0
   316  01FFAA                     _task_clear_led_D2:
   317                           	opt stack 30
   318                           
   319                           ;main.c: 63: LATAbits.LATA4 = 0;
   320                           
   321                           ;incstack = 0
   322  01FFAA  9883               	bcf	3971,4,c	;volatile
   323  01FFAC  0012               	return		;funcret
   324  01FFAE                     __end_of_task_clear_led_D2:
   325                           	opt stack 0
   326  0000                     status	equ	0xFD8
   327                           status	equ	0xFD8
   328                           
   329                           	psect	rparam
   330  0000                     status	equ	0xFD8


Data Sizes:
    Strings     0
    Constant    0
    Data        0
    BSS         0
    Persistent  1
    Stack       0

Auto Spaces:
    Space          Size  Autos    Used
    COMRAM           95      0       1
    BANK0           160      0       0
    BANK1           256      0       0
    BANK2           256      0       0
    BANK3           256      0       0
    BANK4           256      0       0
    BANK5           256      0       0
    BANK6           256      0       0
    BANK7           256      0       0
    BANK8           256      0       0
    BANK9           256      0       0
    BANK10          256      0       0
    BANK11          256      0       0
    BANK12          256      0       0
    BANK13          256      0       0
    BANK14          136      0       0

Pointer List with Targets:

    None.

Critical Paths under _main in COMRAM

    None.

Critical Paths under _main in BANK0

    None.

Critical Paths under _main in BANK1

    None.

Critical Paths under _main in BANK2

    None.

Critical Paths under _main in BANK3

    None.

Critical Paths under _main in BANK4

    None.

Critical Paths under _main in BANK5

    None.

Critical Paths under _main in BANK6

    None.

Critical Paths under _main in BANK7

    None.

Critical Paths under _main in BANK8

    None.

Critical Paths under _main in BANK9

    None.

Critical Paths under _main in BANK10

    None.

Critical Paths under _main in BANK11

    None.

Critical Paths under _main in BANK12

    None.

Critical Paths under _main in BANK13

    None.

Critical Paths under _main in BANK14

    None.

Call Graph Tables:

 ---------------------------------------------------------------------------------
 (Depth) Function   	        Calls       Base Space   Used Autos Params    Refs
 ---------------------------------------------------------------------------------
 (0) _main                                                 0     0      0       0
                  _task_clear_led_D2
                    _task_set_led_D2
                 _task_toggle_led_D2
 ---------------------------------------------------------------------------------
 (1) _task_toggle_led_D2                                   0     0      0       0
 ---------------------------------------------------------------------------------
 (1) _task_set_led_D2                                      0     0      0       0
 ---------------------------------------------------------------------------------
 (1) _task_clear_led_D2                                    0     0      0       0
 ---------------------------------------------------------------------------------
 Estimated maximum stack depth 1
 ---------------------------------------------------------------------------------

 Call Graph Graphs:

 _main (ROOT)
   _task_clear_led_D2
   _task_set_led_D2
   _task_toggle_led_D2

 Address spaces:
Name               Size   Autos  Total    Cost      Usage
BITCOMRAM           5F      0       0       0        0.0%
EEDATA             400      0       0       0        0.0%
NULL                 0      0       0       0        0.0%
CODE                 0      0       0       0        0.0%
COMRAM              5F      0       1       1        1.1%
STACK                0      0       0       2        0.0%
DATA                 0      0       1       3        0.0%
BITBANK0            A0      0       0       4        0.0%
BANK0               A0      0       0       5        0.0%
ABS                  0      0       1       6        0.0%
BITBANK1           100      0       0       7        0.0%
BANK1              100      0       0       8        0.0%
BITBANK2           100      0       0       9        0.0%
BANK2              100      0       0      10        0.0%
BITBANK3           100      0       0      11        0.0%
BANK3              100      0       0      12        0.0%
BITBANK4           100      0       0      13        0.0%
BANK4              100      0       0      14        0.0%
BITBANK5           100      0       0      15        0.0%
BANK5              100      0       0      16        0.0%
BITBANK6           100      0       0      17        0.0%
BANK6              100      0       0      18        0.0%
BITBANK7           100      0       0      19        0.0%
BANK7              100      0       0      20        0.0%
BITBANK8           100      0       0      21        0.0%
BANK8              100      0       0      22        0.0%
BITBANK9           100      0       0      23        0.0%
BANK9              100      0       0      24        0.0%
BITBANK10          100      0       0      25        0.0%
BANK10             100      0       0      26        0.0%
BITBANK11          100      0       0      27        0.0%
BANK11             100      0       0      28        0.0%
BITBANK12          100      0       0      29        0.0%
BANK12             100      0       0      30        0.0%
BITBANK13          100      0       0      31        0.0%
BANK13             100      0       0      32        0.0%
BITBANK14           88      0       0      33        0.0%
BANK14              88      0       0      34        0.0%
BIGRAM             E87      0       0      35        0.0%
BITSFR_2             0      0       0     200        0.0%
SFR_2                0      0       0     200        0.0%
BITSFR_1             0      0       0     200        0.0%
SFR_1                0      0       0     200        0.0%
BITSFR               0      0       0     200        0.0%
SFR                  0      0       0     200        0.0%


Microchip Technology PIC18 Macro Assembler V1.45 build -152302408 
Symbol Table                                                                                   Thu Feb 11 18:33:54 2021

    __end_of_task_set_led_D2 FFB2                           l20 FFDC                           l21 FFCA  
                         l22 FFF0                           l23 FFD0                           l24 FFD6  
                         l25 FFFC            _task_clear_led_D2 FFAA                          LATA 000F83  
         ?_task_clear_led_D2 0000          ??_task_clear_led_D2 0000                         _LATA 000F83  
                       _main FFBC   __end_of_task_toggle_led_D2 FFB6                         start 0000  
               ___param_bank 000000    __end_of_task_clear_led_D2 FFAE                        ?_main 0000  
             __CFG_DEBUG$OFF 000000                        _TRISA 000F88           __CFG_MCLRE$EXTMCLR 000000  
                      status 000FD8              __initialization FFB6             ?_task_set_led_D2 0000  
               __end_of_main 0000                       ??_main 0000                __activetblptr 000003  
             __CFG_PWRTE$OFF 000000   __size_of_task_clear_led_D2 0004                   __accesstop 0060  
    __end_of__initialization FFB6                ___rparam_used 000001               __pcstackCOMRAM 0000  
                 __pnvCOMRAM 0001           _task_toggle_led_D2 FFB2          ?_task_toggle_led_D2 0000  
                    __Hparam 0000                      __Lparam 0000         ??_task_toggle_led_D2 0000  
 __CFG_RSTOSC$HFINTOSC_64MHZ 000000                      __pcinit FFB6                      __ramtop 0F00  
                    __ptext0 FFBC                      __ptext1 FFB2                      __ptext2 FFAE  
                    __ptext3 FFAA         end_of_initialization FFB6     __size_of_task_set_led_D2 0004  
           __CFG_FEXTOSC$OFF 000000          start_initialization FFB6            ??_task_set_led_D2 0000  
                   _LATAbits 000F83  __size_of_task_toggle_led_D2 0004                    main@state 0001  
                   __Hrparam 0000                     __Lrparam 0000           __CFG_BOREN$SBORDIS 000000  
              __size_of_main 0044              _task_set_led_D2 FFAE            __CFG_CLKOUTEN$OFF 000000  
